<?xml version="1.0" encoding="UTF-8"?>
<!-- Generated by org.testng.reporters.JUnitReportReporter -->
<testsuite hostname="sebpos-MacBook-3.local" name="Test.TestServiceMD5" tests="7" failures="0" timestamp="2 Mar 2018 08:46:40 GMT" time="6.705" errors="0">
  <testcase name="checkResponseWithBlankParamValue" time="0.366" classname="Test.TestServiceMD5"/>
  <testcase name="checkResponseWithValidParam" time="4.569" classname="Test.TestServiceMD5"/>
  <testcase name="checkResponseWithInvalidParam" time="0.334" classname="Test.TestServiceMD5"/>
  <testcase name="crosscheckServiceMD5" time="0.348" classname="Test.TestServiceMD5"/>
  <testcase name="checkOriginalText" time="0.355" classname="Test.TestServiceMD5"/>
  <testcase name="checkResponseWithoutParam" time="0.356" classname="Test.TestServiceMD5"/>
  <testcase name="checkMD5HashValueFormat" time="0.377" classname="Test.TestServiceMD5"/>
</testsuite> <!-- Test.TestServiceMD5 -->
